<?xml version="1.0" encoding="UTF-8"?>
<testng-results ignored="0" total="1" passed="1" failed="0" skipped="0">
  <reporter-output>
  </reporter-output>
  <suite started-at="2026-07-06T16:54:41 IST" name="Suite" finished-at="2026-07-06T16:55:00 IST" duration-ms="18162">
    <groups>
    </groups>
    <test started-at="2026-07-06T16:54:41 IST" name="Test" finished-at="2026-07-06T16:55:00 IST" duration-ms="18162">
      <class name="TestData.Verify_RadioButton">
        <test-method is-config="true" signature="beforeClass()[pri:0, instance:TestData.Verify_RadioButton@4fd4cae3]" started-at="2026-07-06T16:54:42 IST" name="beforeClass" finished-at="2026-07-06T16:54:51 IST" duration-ms="9537" status="PASS">
          <reporter-output>
          </reporter-output>
        </test-method> <!-- beforeClass -->
        <test-method is-config="true" signature="beforeMethod()[pri:0, instance:TestData.Verify_RadioButton@4fd4cae3]" started-at="2026-07-06T16:54:51 IST" name="beforeMethod" finished-at="2026-07-06T16:54:51 IST" duration-ms="33" status="PASS">
          <reporter-output>
          </reporter-output>
        </test-method> <!-- beforeMethod -->
        <test-method signature="f()[pri:0, instance:TestData.Verify_RadioButton@4fd4cae3]" started-at="2026-07-06T16:54:51 IST" name="f" finished-at="2026-07-06T16:54:58 IST" duration-ms="7094" status="PASS">
          <reporter-output>
          </reporter-output>
        </test-method> <!-- f -->
        <test-method is-config="true" signature="afterMethod()[pri:0, instance:TestData.Verify_RadioButton@4fd4cae3]" started-at="2026-07-06T16:54:58 IST" name="afterMethod" finished-at="2026-07-06T16:54:58 IST" duration-ms="1" status="PASS">
          <reporter-output>
          </reporter-output>
        </test-method> <!-- afterMethod -->
        <test-method is-config="true" signature="afterClass()[pri:0, instance:TestData.Verify_RadioButton@4fd4cae3]" started-at="2026-07-06T16:54:58 IST" name="afterClass" finished-at="2026-07-06T16:55:00 IST" duration-ms="1428" status="PASS">
          <reporter-output>
          </reporter-output>
        </test-method> <!-- afterClass -->
      </class> <!-- TestData.Verify_RadioButton -->
    </test> <!-- Test -->
  </suite> <!-- Suite -->
</testng-results>
